Log file open, 12/02/20 16:33:00
LogInit: Display: Running engine for game: firstProject
LogPlatformFile: Not using cached read wrapper
LogTaskGraph: Started task graph with 5 named threads and 23 total threads with 3 sets of task threads.
LogStats: Stats thread started at 0.898257
LogD3D11RHI: Loaded GFSDK_Aftermath_Lib.x64.dll
LogICUInternationalization: ICU TimeZone Detection - Raw Offset: +9:00, Platform Override: ''
LogPluginManager: Mounting plugin Paper2D
LogPluginManager: Mounting plugin AISupport
LogPluginManager: Mounting plugin LightPropagationVolume
LogPluginManager: Mounting plugin CameraShakePreviewer
LogPluginManager: Mounting plugin ActorLayerUtilities
LogPluginManager: Mounting plugin AnimationSharing
LogPluginManager: Mounting plugin CLionSourceCodeAccess
LogPluginManager: Mounting plugin CodeLiteSourceCodeAccess
LogPluginManager: Mounting plugin GitSourceControl
LogPluginManager: Mounting plugin KDevelopSourceCodeAccess
LogPluginManager: Mounting plugin NullSourceCodeAccess
LogPluginManager: Mounting plugin PerforceSourceControl
LogPluginManager: Mounting plugin PlasticSourceControl
LogPluginManager: Mounting plugin RiderSourceCodeAccess
LogPluginManager: Mounting plugin SubversionSourceControl
LogPluginManager: Mounting plugin UObjectPlugin
LogPluginManager: Mounting plugin VisualStudioCodeSourceCodeAccess
LogPluginManager: Mounting plugin VisualStudioSourceCodeAccess
LogPluginManager: Mounting plugin XCodeSourceCodeAccess
LogPluginManager: Mounting plugin AssetManagerEditor
LogPluginManager: Mounting plugin CryptoKeys
LogPluginManager: Mounting plugin CurveEditorTools
LogPluginManager: Mounting plugin DataValidation
LogPluginManager: Mounting plugin EditorScriptingUtilities
LogPluginManager: Mounting plugin FacialAnimation
LogPluginManager: Mounting plugin GameplayTagsEditor
LogPluginManager: Mounting plugin GeometryMode
LogPluginManager: Mounting plugin MacGraphicsSwitching
LogPluginManager: Mounting plugin MaterialAnalyzer
LogPluginManager: Mounting plugin MobileLauncherProfileWizard
LogPluginManager: Mounting plugin PluginBrowser
LogPluginManager: Mounting plugin SpeedTreeImporter
LogPluginManager: Mounting plugin DatasmithContent
LogPluginManager: Mounting plugin VariantManagerContent
LogPluginManager: Mounting plugin AlembicImporter
LogPluginManager: Mounting plugin AutomationUtils
LogPluginManager: Mounting plugin BackChannel
LogPluginManager: Mounting plugin ChaosCloth
LogPluginManager: Mounting plugin ChaosClothEditor
LogPluginManager: Mounting plugin ChaosEditor
LogPluginManager: Mounting plugin ChaosNiagara
LogPluginManager: Mounting plugin ChaosSolverPlugin
LogPluginManager: Mounting plugin CharacterAI
LogPluginManager: Mounting plugin GeometryCache
LogPluginManager: Mounting plugin GeometryCollectionPlugin
LogPluginManager: Mounting plugin GeometryProcessing
LogPluginManager: Mounting plugin PlanarCut
LogPluginManager: Mounting plugin PlatformCrypto
LogPluginManager: Mounting plugin ProxyLODPlugin
LogPluginManager: Mounting plugin SkeletalReduction
LogPluginManager: Mounting plugin Niagara
LogPluginManager: Mounting plugin MagicLeap
LogPluginManager: Mounting plugin MagicLeapLightEstimation
LogPluginManager: Mounting plugin MagicLeapMedia
LogPluginManager: Mounting plugin MagicLeapPassableWorld
LogPluginManager: Mounting plugin MLSDK
LogPluginManager: Mounting plugin AndroidMedia
LogPluginManager: Mounting plugin AvfMedia
LogPluginManager: Mounting plugin ImgMedia
LogPluginManager: Mounting plugin MediaCompositing
LogPluginManager: Mounting plugin MediaPlayerEditor
LogPluginManager: Mounting plugin WebMMedia
LogPluginManager: Mounting plugin WmfMedia
LogPluginManager: Mounting plugin MeshPainting
LogPluginManager: Mounting plugin TcpMessaging
LogPluginManager: Mounting plugin UdpMessaging
LogPluginManager: Mounting plugin ActorSequence
LogPluginManager: Mounting plugin LevelSequenceEditor
LogPluginManager: Mounting plugin MatineeToLevelSequence
LogPluginManager: Mounting plugin MovieRenderPipeline
LogPluginManager: Mounting plugin TemplateSequence
LogPluginManager: Mounting plugin NetcodeUnitTest
LogPluginManager: Mounting plugin NUTUnrealEngine4
LogPluginManager: Mounting plugin OnlineSubsystemGooglePlay
LogPluginManager: Mounting plugin OnlineSubsystemIOS
LogPluginManager: Mounting plugin OnlineSubsystem
LogPluginManager: Mounting plugin OnlineSubsystemNull
LogPluginManager: Mounting plugin OnlineSubsystemUtils
LogPluginManager: Mounting plugin LauncherChunkInstaller
LogPluginManager: Mounting plugin AndroidDeviceProfileSelector
LogPluginManager: Mounting plugin AndroidMoviePlayer
LogPluginManager: Mounting plugin AndroidPermission
LogPluginManager: Mounting plugin AppleImageUtils
LogPluginManager: Mounting plugin AppleMoviePlayer
LogPluginManager: Mounting plugin ArchVisCharacter
LogPluginManager: Mounting plugin AssetTags
LogPluginManager: Mounting plugin AudioCapture
LogPluginManager: Mounting plugin CableComponent
LogPluginManager: Mounting plugin CustomMeshComponent
LogPluginManager: Mounting plugin EditableMesh
LogPluginManager: Mounting plugin ExampleDeviceProfileSelector
LogPluginManager: Mounting plugin GoogleCloudMessaging
LogPluginManager: Mounting plugin GooglePAD
LogPluginManager: Mounting plugin IOSDeviceProfileSelector
LogPluginManager: Mounting plugin LinuxDeviceProfileSelector
LogPluginManager: Mounting plugin LocationServicesBPLibrary
LogPluginManager: Mounting plugin MobilePatchingUtils
LogPluginManager: Mounting plugin OculusVR
LogPluginManager: Mounting plugin PhysXVehicles
LogPluginManager: Mounting plugin PostSplashScreen
LogPluginManager: Mounting plugin ProceduralMeshComponent
LogPluginManager: Mounting plugin RuntimePhysXCooking
LogPluginManager: Mounting plugin SignificanceManager
LogPluginManager: Mounting plugin SoundFields
LogPluginManager: Mounting plugin SteamVR
LogPluginManager: Mounting plugin Synthesis
LogPluginManager: Mounting plugin WebMMoviePlayer
LogPluginManager: Mounting plugin WindowsMoviePlayer
LogPluginManager: Mounting plugin ScreenshotTools
LogInit: Using libcurl 7.55.1-DEV
LogInit:  - built for x86_64-pc-win32
LogInit:  - supports SSL with OpenSSL/1.1.1
LogInit:  - supports HTTP deflate (compression) using libz 1.2.8
LogInit:  - other features:
LogInit:      CURL_VERSION_SSL
LogInit:      CURL_VERSION_LIBZ
LogInit:      CURL_VERSION_IPV6
LogInit:      CURL_VERSION_ASYNCHDNS
LogInit:      CURL_VERSION_LARGEFILE
LogInit:      CURL_VERSION_IDN
LogInit:  CurlRequestOptions (configurable via config and command line):
LogInit:  - bVerifyPeer = true  - Libcurl will verify peer certificate
LogInit:  - bUseHttpProxy = false  - Libcurl will NOT use HTTP proxy
LogInit:  - bDontReuseConnections = false  - Libcurl will reuse connections
LogInit:  - MaxHostConnections = 16  - Libcurl will limit the number of connections to a host
LogInit:  - LocalHostAddr = Default
LogInit:  - BufferSize = 65536
LogOnline: OSS: Creating online subsystem instance for: NULL
LogInit: WinSock: version 1.1 (2.2), MaxSocks=32767, MaxUdp=65467
LogOnline: OSS: TryLoadSubsystemAndSetDefault: Loaded subsystem for module [NULL]
LogInit: Build: ++UE4+Release-4.25-CL-14469661
LogInit: Engine Version: 4.25.4-14469661+++UE4+Release-4.25
LogInit: Compatible Engine Version: 4.25.0-13144385+++UE4+Release-4.25
LogInit: Net CL: 13144385
LogInit: OS: Windows 7 (Service Pack 1), CPU:        Intel(R) Core(TM) i7-2600K CPU @ 3.40GHz, GPU: NVIDIA GeForce GTX 550 Ti
LogInit: Compiled (64-bit): Oct 11 2020 08:10:49
LogInit: Compiled with Visual C++: 19.24.28315.00
LogInit: Build Configuration: Development
LogInit: Branch Name: ++UE4+Release-4.25
LogInit: Command Line: 
LogInit: Base Directory: D:/app/Epic Games/UE_4.25/Engine/Binaries/Win64/
LogInit: Allocator: TBB
LogInit: Installed Engine Build: 1
LogDevObjectVersion: Number of dev versions registered: 26
LogDevObjectVersion:   Dev-Blueprints (B0D832E4-1F89-4F0D-ACCF-7EB736FD4AA2): 10
LogDevObjectVersion:   Dev-Build (E1C64328-A22C-4D53-A36C-8E866417BD8C): 0
LogDevObjectVersion:   Dev-Core (375EC13C-06E4-48FB-B500-84F0262A717E): 4
LogDevObjectVersion:   Dev-Editor (E4B068ED-F494-42E9-A231-DA0B2E46BB41): 38
LogDevObjectVersion:   Dev-Framework (CFFC743F-43B0-4480-9391-14DF171D2073): 37
LogDevObjectVersion:   Dev-Mobile (B02B49B5-BB20-44E9-A304-32B752E40360): 2
LogDevObjectVersion:   Dev-Networking (A4E4105C-59A1-49B5-A7C5-40C4547EDFEE): 0
LogDevObjectVersion:   Dev-Online (39C831C9-5AE6-47DC-9A44-9C173E1C8E7C): 0
LogDevObjectVersion:   Dev-Physics (78F01B33-EBEA-4F98-B9B4-84EACCB95AA2): 4
LogDevObjectVersion:   Dev-Platform (6631380F-2D4D-43E0-8009-CF276956A95A): 0
LogDevObjectVersion:   Dev-Rendering (12F88B9F-8875-4AFC-A67C-D90C383ABD29): 43
LogDevObjectVersion:   Dev-Sequencer (7B5AE74C-D270-4C10-A958-57980B212A5A): 12
LogDevObjectVersion:   Dev-VR (D7296918-1DD6-4BDD-9DE2-64A83CC13884): 3
LogDevObjectVersion:   Dev-LoadTimes (C2A15278-BFE7-4AFE-6C17-90FF531DF755): 1
LogDevObjectVersion:   Private-Geometry (6EACA3D4-40EC-4CC1-B786-8BED09428FC5): 3
LogDevObjectVersion:   Dev-AnimPhys (29E575DD-E0A3-4627-9D10-D276232CDCEA): 17
LogDevObjectVersion:   Dev-Anim (AF43A65D-7FD3-4947-9873-3E8ED9C1BB05): 7
LogDevObjectVersion:   Dev-ReflectionCapture (6B266CEC-1EC7-4B8F-A30B-E4D90942FC07): 1
LogDevObjectVersion:   Dev-Automation (0DF73D61-A23F-47EA-B727-89E90C41499A): 1
LogDevObjectVersion:   FortniteMain (601D1886-AC64-4F84-AA16-D3DE0DEAC7D6): 31
LogDevObjectVersion:   Dev-Enterprise (9DFFBCD6-494F-0158-E221-12823C92A888): 10
LogDevObjectVersion:   Dev-Niagara (F2AED0AC-9AFE-416F-8664-AA7FFA26D6FC): 1
LogDevObjectVersion:   Dev-Destruction (174F1F0B-B4C6-45A5-B13F-2EE8D0FB917D): 10
LogDevObjectVersion:   Dev-Physics-Ext (35F94A83-E258-406C-A318-09F59610247C): 37
LogDevObjectVersion:   Dev-PhysicsMaterial-Chaos (B68FC16E-8B1B-42E2-B453-215C058844FE): 1
LogDevObjectVersion:   Dev-CineCamera (B2E18506-4273-CFC2-A54E-F4BB758BBA07): 1
LogInit: Presizing for max 25165824 objects, including 0 objects not considered by GC, pre-allocating 0 bytes for permanent pool.
LogConfig: Applying CVar settings from Section [/Script/Engine.StreamingSettings] File [D:/works/UE4/fpsProject/Saved/Config/Windows/Engine.ini]
LogConfig: Setting CVar [[s.MinBulkDataSizeForAsyncLoading:131072]]
LogConfig: Setting CVar [[s.AsyncLoadingThreadEnabled:0]]
LogConfig: Setting CVar [[s.EventDrivenLoaderEnabled:1]]
LogConfig: Setting CVar [[s.WarnIfTimeLimitExceeded:0]]
LogConfig: Setting CVar [[s.TimeLimitExceededMultiplier:1.5]]
LogConfig: Setting CVar [[s.TimeLimitExceededMinTime:0.005]]
LogConfig: Setting CVar [[s.UseBackgroundLevelStreaming:1]]
LogConfig: Setting CVar [[s.PriorityAsyncLoadingExtraTime:15.0]]
LogConfig: Setting CVar [[s.LevelStreamingActorsUpdateTimeLimit:5.0]]
LogConfig: Setting CVar [[s.PriorityLevelStreamingActorsUpdateExtraTime:5.0]]
LogConfig: Setting CVar [[s.LevelStreamingComponentsRegistrationGranularity:10]]
LogConfig: Setting CVar [[s.UnregisterComponentsTimeLimit:1.0]]
LogConfig: Setting CVar [[s.LevelStreamingComponentsUnregistrationGranularity:5]]
LogConfig: Setting CVar [[s.FlushStreamingOnExit:1]]
LogInit: Object subsystem initialized
LogConfig: Setting CVar [[con.DebugEarlyDefault:1]]
LogConfig: Setting CVar [[r.setres:1280x720]]
[2020.12.02-07.33.00:780][  0]LogConfig: Setting CVar [[r.VSync:0]]
[2020.12.02-07.33.00:780][  0]LogConfig: Setting CVar [[r.RHICmdBypass:0]]
[2020.12.02-07.33.00:780][  0]LogConfig: Applying CVar settings from Section [/Script/Engine.RendererSettings] File [D:/works/UE4/fpsProject/Saved/Config/Windows/Engine.ini]
[2020.12.02-07.33.00:780][  0]LogConfig: Setting CVar [[r.GPUCrashDebugging:0]]
[2020.12.02-07.33.00:780][  0]LogConfig: Applying CVar settings from Section [/Script/Engine.RendererOverrideSettings] File [D:/works/UE4/fpsProject/Saved/Config/Windows/Engine.ini]
[2020.12.02-07.33.00:780][  0]LogConfig: Applying CVar settings from Section [/Script/Engine.StreamingSettings] File [D:/works/UE4/fpsProject/Saved/Config/Windows/Engine.ini]
[2020.12.02-07.33.00:781][  0]LogConfig: Setting CVar [[s.MinBulkDataSizeForAsyncLoading:131072]]
[2020.12.02-07.33.00:781][  0]LogConfig: Setting CVar [[s.AsyncLoadingThreadEnabled:0]]
[2020.12.02-07.33.00:781][  0]LogConfig: Setting CVar [[s.EventDrivenLoaderEnabled:1]]
[2020.12.02-07.33.00:781][  0]LogConfig: Setting CVar [[s.WarnIfTimeLimitExceeded:0]]
[2020.12.02-07.33.00:781][  0]LogConfig: Setting CVar [[s.TimeLimitExceededMultiplier:1.5]]
[2020.12.02-07.33.00:781][  0]LogConfig: Setting CVar [[s.TimeLimitExceededMinTime:0.005]]
[2020.12.02-07.33.00:781][  0]LogConfig: Setting CVar [[s.UseBackgroundLevelStreaming:1]]
[2020.12.02-07.33.00:781][  0]LogConfig: Setting CVar [[s.PriorityAsyncLoadingExtraTime:15.0]]
[2020.12.02-07.33.00:781][  0]LogConfig: Setting CVar [[s.LevelStreamingActorsUpdateTimeLimit:5.0]]
[2020.12.02-07.33.00:781][  0]LogConfig: Setting CVar [[s.PriorityLevelStreamingActorsUpdateExtraTime:5.0]]
[2020.12.02-07.33.00:781][  0]LogConfig: Setting CVar [[s.LevelStreamingComponentsRegistrationGranularity:10]]
[2020.12.02-07.33.00:781][  0]LogConfig: Setting CVar [[s.UnregisterComponentsTimeLimit:1.0]]
[2020.12.02-07.33.00:781][  0]LogConfig: Setting CVar [[s.LevelStreamingComponentsUnregistrationGranularity:5]]
[2020.12.02-07.33.00:781][  0]LogConfig: Setting CVar [[s.FlushStreamingOnExit:1]]
[2020.12.02-07.33.00:781][  0]LogConfig: Applying CVar settings from Section [/Script/Engine.GarbageCollectionSettings] File [D:/works/UE4/fpsProject/Saved/Config/Windows/Engine.ini]
[2020.12.02-07.33.00:781][  0]LogConfig: Setting CVar [[gc.MaxObjectsNotConsideredByGC:1]]
[2020.12.02-07.33.00:781][  0]LogConfig: Setting CVar [[gc.SizeOfPermanentObjectPool:0]]
[2020.12.02-07.33.00:781][  0]LogConfig: Setting CVar [[gc.FlushStreamingOnGC:0]]
[2020.12.02-07.33.00:781][  0]LogConfig: Setting CVar [[gc.NumRetriesBeforeForcingGC:10]]
[2020.12.02-07.33.00:781][  0]LogConfig: Setting CVar [[gc.AllowParallelGC:1]]
[2020.12.02-07.33.00:781][  0]LogConfig: Setting CVar [[gc.TimeBetweenPurgingPendingKillObjects:61.1]]
[2020.12.02-07.33.00:781][  0]LogConfig: Setting CVar [[gc.MaxObjectsInEditor:25165824]]
[2020.12.02-07.33.00:781][  0]LogConfig: Setting CVar [[gc.IncrementalBeginDestroyEnabled:1]]
[2020.12.02-07.33.00:781][  0]LogConfig: Setting CVar [[gc.CreateGCClusters:1]]
[2020.12.02-07.33.00:781][  0]LogConfig: Setting CVar [[gc.MinGCClusterSize:5]]
[2020.12.02-07.33.00:781][  0]LogConfig: Setting CVar [[gc.ActorClusteringEnabled:0]]
[2020.12.02-07.33.00:781][  0]LogConfig: Setting CVar [[gc.BlueprintClusteringEnabled:0]]
[2020.12.02-07.33.00:781][  0]LogConfig: Setting CVar [[gc.UseDisregardForGCOnDedicatedServers:0]]
[2020.12.02-07.33.00:781][  0]LogConfig: Applying CVar settings from Section [/Script/Engine.NetworkSettings] File [D:/works/UE4/fpsProject/Saved/Config/Windows/Engine.ini]
[2020.12.02-07.33.00:782][  0]LogConfig: Applying CVar settings from Section [/Script/UnrealEd.CookerSettings] File [D:/works/UE4/fpsProject/Saved/Config/Windows/Engine.ini]
[2020.12.02-07.33.00:791][  0]LogConfig: Applying CVar settings from Section [ViewDistanceQuality@3] File [D:/works/UE4/fpsProject/Saved/Config/Windows/Scalability.ini]
[2020.12.02-07.33.00:791][  0]LogConfig: Setting CVar [[r.SkeletalMeshLODBias:0]]
[2020.12.02-07.33.00:791][  0]LogConfig: Setting CVar [[r.ViewDistanceScale:1.0]]
[2020.12.02-07.33.00:791][  0]LogConfig: Applying CVar settings from Section [AntiAliasingQuality@3] File [D:/works/UE4/fpsProject/Saved/Config/Windows/Scalability.ini]
[2020.12.02-07.33.00:791][  0]LogConfig: Setting CVar [[r.PostProcessAAQuality:4]]
[2020.12.02-07.33.00:791][  0]LogConfig: Applying CVar settings from Section [ShadowQuality@3] File [D:/works/UE4/fpsProject/Saved/Config/Windows/Scalability.ini]
[2020.12.02-07.33.00:791][  0]LogConfig: Setting CVar [[r.LightFunctionQuality:1]]
[2020.12.02-07.33.00:791][  0]LogConfig: Setting CVar [[r.ShadowQuality:5]]
[2020.12.02-07.33.00:791][  0]LogConfig: Setting CVar [[r.Shadow.CSM.MaxCascades:10]]
[2020.12.02-07.33.00:791][  0]LogConfig: Setting CVar [[r.Shadow.MaxResolution:2048]]
[2020.12.02-07.33.00:791][  0]LogConfig: Setting CVar [[r.Shadow.MaxCSMResolution:2048]]
[2020.12.02-07.33.00:791][  0]LogConfig: Setting CVar [[r.Shadow.RadiusThreshold:0.01]]
[2020.12.02-07.33.00:791][  0]LogConfig: Setting CVar [[r.Shadow.DistanceScale:1.0]]
[2020.12.02-07.33.00:791][  0]LogConfig: Setting CVar [[r.Shadow.CSM.TransitionScale:1.0]]
[2020.12.02-07.33.00:791][  0]LogConfig: Setting CVar [[r.Shadow.PreShadowResolutionFactor:1.0]]
[2020.12.02-07.33.00:791][  0]LogConfig: Setting CVar [[r.DistanceFieldShadowing:1]]
[2020.12.02-07.33.00:791][  0]LogConfig: Setting CVar [[r.DistanceFieldAO:1]]
[2020.12.02-07.33.00:791][  0]LogConfig: Setting CVar [[r.AOQuality:2]]
[2020.12.02-07.33.00:791][  0]LogConfig: Setting CVar [[r.VolumetricFog:1]]
[2020.12.02-07.33.00:791][  0]LogConfig: Setting CVar [[r.VolumetricFog.GridPixelSize:8]]
[2020.12.02-07.33.00:791][  0]LogConfig: Setting CVar [[r.VolumetricFog.GridSizeZ:128]]
[2020.12.02-07.33.00:791][  0]LogConfig: Setting CVar [[r.VolumetricFog.HistoryMissSupersampleCount:4]]
[2020.12.02-07.33.00:791][  0]LogConfig: Setting CVar [[r.LightMaxDrawDistanceScale:1]]
[2020.12.02-07.33.00:792][  0]LogConfig: Setting CVar [[r.CapsuleShadows:1]]
[2020.12.02-07.33.00:792][  0]LogConfig: Applying CVar settings from Section [PostProcessQuality@3] File [D:/works/UE4/fpsProject/Saved/Config/Windows/Scalability.ini]
[2020.12.02-07.33.00:792][  0]LogConfig: Setting CVar [[r.MotionBlurQuality:4]]
[2020.12.02-07.33.00:792][  0]LogConfig: Setting CVar [[r.AmbientOcclusionMipLevelFactor:0.4]]
[2020.12.02-07.33.00:792][  0]LogConfig: Setting CVar [[r.AmbientOcclusionMaxQuality:100]]
[2020.12.02-07.33.00:792][  0]LogConfig: Setting CVar [[r.AmbientOcclusionLevels:-1]]
[2020.12.02-07.33.00:792][  0]LogConfig: Setting CVar [[r.AmbientOcclusionRadiusScale:1.0]]
[2020.12.02-07.33.00:792][  0]LogConfig: Setting CVar [[r.DepthOfFieldQuality:2]]
[2020.12.02-07.33.00:792][  0]LogConfig: Setting CVar [[r.RenderTargetPoolMin:400]]
[2020.12.02-07.33.00:792][  0]LogConfig: Setting CVar [[r.LensFlareQuality:2]]
[2020.12.02-07.33.00:792][  0]LogConfig: Setting CVar [[r.SceneColorFringeQuality:1]]
[2020.12.02-07.33.00:792][  0]LogConfig: Setting CVar [[r.EyeAdaptationQuality:2]]
[2020.12.02-07.33.00:792][  0]LogConfig: Setting CVar [[r.BloomQuality:5]]
[2020.12.02-07.33.00:792][  0]LogConfig: Setting CVar [[r.FastBlurThreshold:100]]
[2020.12.02-07.33.00:792][  0]LogConfig: Setting CVar [[r.Upscale.Quality:3]]
[2020.12.02-07.33.00:792][  0]LogConfig: Setting CVar [[r.Tonemapper.GrainQuantization:1]]
[2020.12.02-07.33.00:792][  0]LogConfig: Setting CVar [[r.LightShaftQuality:1]]
[2020.12.02-07.33.00:792][  0]LogConfig: Setting CVar [[r.Filter.SizeScale:1]]
[2020.12.02-07.33.00:792][  0]LogConfig: Setting CVar [[r.Tonemapper.Quality:5]]
[2020.12.02-07.33.00:792][  0]LogConfig: Setting CVar [[r.DOF.Gather.AccumulatorQuality:1        ; higher gathering accumulator quality]]
[2020.12.02-07.33.00:792][  0]LogConfig: Setting CVar [[r.DOF.Gather.PostfilterMethod:1          ; Median3x3 postfilering method]]
[2020.12.02-07.33.00:792][  0]LogConfig: Setting CVar [[r.DOF.Gather.EnableBokehSettings:0       ; no bokeh simulation when gathering]]
[2020.12.02-07.33.00:792][  0]LogConfig: Setting CVar [[r.DOF.Gather.RingCount:4                 ; medium number of samples when gathering]]
[2020.12.02-07.33.00:792][  0]LogConfig: Setting CVar [[r.DOF.Scatter.ForegroundCompositing:1    ; additive foreground scattering]]
[2020.12.02-07.33.00:792][  0]LogConfig: Setting CVar [[r.DOF.Scatter.BackgroundCompositing:2    ; additive background scattering]]
[2020.12.02-07.33.00:792][  0]LogConfig: Setting CVar [[r.DOF.Scatter.EnableBokehSettings:1      ; bokeh simulation when scattering]]
[2020.12.02-07.33.00:792][  0]LogConfig: Setting CVar [[r.DOF.Scatter.MaxSpriteRatio:0.1         ; only a maximum of 10% of scattered bokeh]]
[2020.12.02-07.33.00:792][  0]LogConfig: Setting CVar [[r.DOF.Recombine.Quality:1                ; cheap slight out of focus]]
[2020.12.02-07.33.00:792][  0]LogConfig: Setting CVar [[r.DOF.Recombine.EnableBokehSettings:0    ; no bokeh simulation on slight out of focus]]
[2020.12.02-07.33.00:793][  0]LogConfig: Setting CVar [[r.DOF.TemporalAAQuality:1                ; more stable temporal accumulation]]
[2020.12.02-07.33.00:793][  0]LogConfig: Setting CVar [[r.DOF.Kernel.MaxForegroundRadius:0.025]]
[2020.12.02-07.33.00:793][  0]LogConfig: Setting CVar [[r.DOF.Kernel.MaxBackgroundRadius:0.025]]
[2020.12.02-07.33.00:793][  0]LogConfig: Applying CVar settings from Section [TextureQuality@3] File [D:/works/UE4/fpsProject/Saved/Config/Windows/Scalability.ini]
[2020.12.02-07.33.00:793][  0]LogConfig: Setting CVar [[r.Streaming.MipBias:0]]
[2020.12.02-07.33.00:793][  0]LogConfig: Setting CVar [[r.Streaming.AmortizeCPUToGPUCopy:0]]
[2020.12.02-07.33.00:793][  0]LogConfig: Setting CVar [[r.Streaming.MaxNumTexturesToStreamPerFrame:0]]
[2020.12.02-07.33.00:793][  0]LogConfig: Setting CVar [[r.Streaming.Boost:1]]
[2020.12.02-07.33.00:793][  0]LogConfig: Setting CVar [[r.MaxAnisotropy:8]]
[2020.12.02-07.33.00:793][  0]LogConfig: Setting CVar [[r.VT.MaxAnisotropy:8]]
[2020.12.02-07.33.00:793][  0]LogConfig: Setting CVar [[r.Streaming.LimitPoolSizeToVRAM:0]]
[2020.12.02-07.33.00:793][  0]LogConfig: Setting CVar [[r.Streaming.PoolSize:1000]]
[2020.12.02-07.33.00:793][  0]LogConfig: Setting CVar [[r.Streaming.MaxEffectiveScreenSize:0]]
[2020.12.02-07.33.00:793][  0]LogConfig: Applying CVar settings from Section [EffectsQuality@3] File [D:/works/UE4/fpsProject/Saved/Config/Windows/Scalability.ini]
[2020.12.02-07.33.00:793][  0]LogConfig: Setting CVar [[r.TranslucencyLightingVolumeDim:64]]
[2020.12.02-07.33.00:793][  0]LogConfig: Setting CVar [[r.RefractionQuality:2]]
[2020.12.02-07.33.00:793][  0]LogConfig: Setting CVar [[r.SSR.Quality:3]]
[2020.12.02-07.33.00:793][  0]LogConfig: Setting CVar [[r.SSR.HalfResSceneColor:0]]
[2020.12.02-07.33.00:793][  0]LogConfig: Setting CVar [[r.SceneColorFormat:4]]
[2020.12.02-07.33.00:793][  0]LogConfig: Setting CVar [[r.DetailMode:2]]
[2020.12.02-07.33.00:793][  0]LogConfig: Setting CVar [[r.TranslucencyVolumeBlur:1]]
[2020.12.02-07.33.00:793][  0]LogConfig: Setting CVar [[r.MaterialQualityLevel:1 ; High quality]]
[2020.12.02-07.33.00:793][  0]LogConfig: Setting CVar [[r.SSS.Scale:1]]
[2020.12.02-07.33.00:793][  0]LogConfig: Setting CVar [[r.SSS.SampleSet:2]]
[2020.12.02-07.33.00:793][  0]LogConfig: Setting CVar [[r.SSS.Quality:1]]
[2020.12.02-07.33.00:793][  0]LogConfig: Setting CVar [[r.SSS.HalfRes:0]]
[2020.12.02-07.33.00:793][  0]LogConfig: Setting CVar [[r.SSGI.Quality:3]]
[2020.12.02-07.33.00:793][  0]LogConfig: Setting CVar [[r.EmitterSpawnRateScale:1.0]]
[2020.12.02-07.33.00:793][  0]LogConfig: Setting CVar [[r.ParticleLightQuality:2]]
[2020.12.02-07.33.00:793][  0]LogConfig: Setting CVar [[r.SkyAtmosphere.AerialPerspectiveLUT.FastApplyOnOpaque:1 ; Always have FastSkyLUT 1 in this case to avoid wrong sky]]
[2020.12.02-07.33.00:794][  0]LogConfig: Setting CVar [[r.SkyAtmosphere.AerialPerspectiveLUT.SampleCountPerSlice:1]]
[2020.12.02-07.33.00:794][  0]LogConfig: Setting CVar [[r.SkyAtmosphere.AerialPerspectiveLUT.DepthResolution:16.0]]
[2020.12.02-07.33.00:794][  0]LogConfig: Setting CVar [[r.SkyAtmosphere.FastSkyLUT:1]]
[2020.12.02-07.33.00:794][  0]LogConfig: Setting CVar [[r.SkyAtmosphere.FastSkyLUT.SampleCountMin:4.0]]
[2020.12.02-07.33.00:794][  0]LogConfig: Setting CVar [[r.SkyAtmosphere.FastSkyLUT.SampleCountMax:32.0]]
[2020.12.02-07.33.00:794][  0]LogConfig: Setting CVar [[r.SkyAtmosphere.SampleCountMin:4.0]]
[2020.12.02-07.33.00:794][  0]LogConfig: Setting CVar [[r.SkyAtmosphere.SampleCountMax:32.0]]
[2020.12.02-07.33.00:794][  0]LogConfig: Setting CVar [[r.SkyAtmosphere.TransmittanceLUT.UseSmallFormat:0]]
[2020.12.02-07.33.00:794][  0]LogConfig: Setting CVar [[r.SkyAtmosphere.TransmittanceLUT.SampleCount:10.0]]
[2020.12.02-07.33.00:794][  0]LogConfig: Setting CVar [[r.SkyAtmosphere.MultiScatteringLUT.SampleCount:15.0]]
[2020.12.02-07.33.00:794][  0]LogConfig: Applying CVar settings from Section [FoliageQuality@3] File [D:/works/UE4/fpsProject/Saved/Config/Windows/Scalability.ini]
[2020.12.02-07.33.00:794][  0]LogConfig: Setting CVar [[foliage.DensityScale:1.0]]
[2020.12.02-07.33.00:794][  0]LogConfig: Setting CVar [[grass.DensityScale:1.0]]
[2020.12.02-07.33.00:794][  0]LogConfig: Applying CVar settings from Section [ShadingQuality@3] File [D:/works/UE4/fpsProject/Saved/Config/Windows/Scalability.ini]
[2020.12.02-07.33.00:794][  0]LogConfig: Setting CVar [[r.HairStrands.SkyLighting.SampleCount:16]]
[2020.12.02-07.33.00:794][  0]LogConfig: Setting CVar [[r.HairStrands.SkyLighting.JitterIntegration:0]]
[2020.12.02-07.33.00:794][  0]LogConfig: Setting CVar [[r.HairStrands.SkyAO.SampleCount:16]]
[2020.12.02-07.33.00:794][  0]LogConfig: Setting CVar [[r.HairStrands.DeepShadow.SuperSampling:0]]
[2020.12.02-07.33.00:794][  0]LogConfig: Setting CVar [[r.HairStrands.VisibilityPPLL:0]]
[2020.12.02-07.33.00:794][  0]LogConfig: Setting CVar [[r.HairStrands.RasterizationScale:0.5]]
[2020.12.02-07.33.00:794][  0]LogConfig: Setting CVar [[r.HairStrands.VelocityRasterizationScale:1]]
[2020.12.02-07.33.00:794][  0]LogInit: Selected Device Profile: [Windows]
[2020.12.02-07.33.00:794][  0]LogInit: Applying CVar settings loaded from the selected device profile: [Windows]
[2020.12.02-07.33.00:794][  0]LogHAL: Display: Platform has ~ 16 GB [17161646080 / 17179869184 / 16], which maps to Larger [LargestMinGB=32, LargerMinGB=12, DefaultMinGB=8, SmallerMinGB=6, SmallestMinGB=0)
[2020.12.02-07.33.00:794][  0]LogInit: Going up to parent DeviceProfile []
[2020.12.02-07.33.00:795][  0]LogConfig: Applying CVar settings from Section [ViewDistanceQuality@1] File [D:/works/UE4/fpsProject/Saved/Config/Windows/Scalability.ini]
[2020.12.02-07.33.00:795][  0]LogConfig: Setting CVar [[r.SkeletalMeshLODBias:1]]
[2020.12.02-07.33.00:795][  0]LogConfig: Setting CVar [[r.ViewDistanceScale:0.6]]
[2020.12.02-07.33.00:795][  0]LogConfig: Applying CVar settings from Section [AntiAliasingQuality@1] File [D:/works/UE4/fpsProject/Saved/Config/Windows/Scalability.ini]
[2020.12.02-07.33.00:795][  0]LogConfig: Setting CVar [[r.PostProcessAAQuality:2]]
[2020.12.02-07.33.00:795][  0]LogConfig: Applying CVar settings from Section [ShadowQuality@2] File [D:/works/UE4/fpsProject/Saved/Config/Windows/Scalability.ini]
[2020.12.02-07.33.00:795][  0]LogConfig: Setting CVar [[r.LightFunctionQuality:1]]
[2020.12.02-07.33.00:795][  0]LogConfig: Setting CVar [[r.ShadowQuality:5]]
[2020.12.02-07.33.00:795][  0]LogConfig: Setting CVar [[r.Shadow.CSM.MaxCascades:4]]
[2020.12.02-07.33.00:795][  0]LogConfig: Setting CVar [[r.Shadow.MaxResolution:1024]]
[2020.12.02-07.33.00:795][  0]LogConfig: Setting CVar [[r.Shadow.MaxCSMResolution:2048]]
[2020.12.02-07.33.00:795][  0]LogConfig: Setting CVar [[r.Shadow.RadiusThreshold:0.04]]
[2020.12.02-07.33.00:795][  0]LogConfig: Setting CVar [[r.Shadow.DistanceScale:0.85]]
[2020.12.02-07.33.00:795][  0]LogConfig: Setting CVar [[r.Shadow.CSM.TransitionScale:0.8]]
[2020.12.02-07.33.00:795][  0]LogConfig: Setting CVar [[r.Shadow.PreShadowResolutionFactor:0.5]]
[2020.12.02-07.33.00:795][  0]LogConfig: Setting CVar [[r.DistanceFieldShadowing:1]]
[2020.12.02-07.33.00:795][  0]LogConfig: Setting CVar [[r.DistanceFieldAO:1]]
[2020.12.02-07.33.00:795][  0]LogConfig: Setting CVar [[r.AOQuality:1]]
[2020.12.02-07.33.00:795][  0]LogConfig: Setting CVar [[r.VolumetricFog:1]]
[2020.12.02-07.33.00:795][  0]LogConfig: Setting CVar [[r.VolumetricFog.GridPixelSize:16]]
[2020.12.02-07.33.00:795][  0]LogConfig: Setting CVar [[r.VolumetricFog.GridSizeZ:64]]
[2020.12.02-07.33.00:795][  0]LogConfig: Setting CVar [[r.VolumetricFog.HistoryMissSupersampleCount:4]]
[2020.12.02-07.33.00:795][  0]LogConfig: Setting CVar [[r.LightMaxDrawDistanceScale:1]]
[2020.12.02-07.33.00:795][  0]LogConfig: Setting CVar [[r.CapsuleShadows:1]]
[2020.12.02-07.33.00:795][  0]LogConfig: Applying CVar settings from Section [PostProcessQuality@0] File [D:/works/UE4/fpsProject/Saved/Config/Windows/Scalability.ini]
[2020.12.02-07.33.00:796][  0]LogConfig: Setting CVar [[r.MotionBlurQuality:0]]
[2020.12.02-07.33.00:796][  0]LogConfig: Setting CVar [[r.AmbientOcclusionMipLevelFactor:1.0]]
[2020.12.02-07.33.00:796][  0]LogConfig: Setting CVar [[r.AmbientOcclusionMaxQuality:0]]
[2020.12.02-07.33.00:796][  0]LogConfig: Setting CVar [[r.AmbientOcclusionLevels:0]]
[2020.12.02-07.33.00:796][  0]LogConfig: Setting CVar [[r.AmbientOcclusionRadiusScale:1.2]]
[2020.12.02-07.33.00:796][  0]LogConfig: Setting CVar [[r.DepthOfFieldQuality:0]]
[2020.12.02-07.33.00:796][  0]LogConfig: Setting CVar [[r.RenderTargetPoolMin:300]]
[2020.12.02-07.33.00:796][  0]LogConfig: Setting CVar [[r.LensFlareQuality:0]]
[2020.12.02-07.33.00:796][  0]LogConfig: Setting CVar [[r.SceneColorFringeQuality:0]]
[2020.12.02-07.33.00:796][  0]LogConfig: Setting CVar [[r.EyeAdaptationQuality:0]]
[2020.12.02-07.33.00:796][  0]LogConfig: Setting CVar [[r.BloomQuality:4]]
[2020.12.02-07.33.00:796][  0]LogConfig: Setting CVar [[r.FastBlurThreshold:0]]
[2020.12.02-07.33.00:796][  0]LogConfig: Setting CVar [[r.Upscale.Quality:1]]
[2020.12.02-07.33.00:796][  0]LogConfig: Setting CVar [[r.Tonemapper.GrainQuantization:0]]
[2020.12.02-07.33.00:796][  0]LogConfig: Setting CVar [[r.LightShaftQuality:0]]
[2020.12.02-07.33.00:796][  0]LogConfig: Setting CVar [[r.Filter.SizeScale:0.6]]
[2020.12.02-07.33.00:796][  0]LogConfig: Setting CVar [[r.Tonemapper.Quality:0]]
[2020.12.02-07.33.00:796][  0]LogConfig: Applying CVar settings from Section [TextureQuality@1] File [D:/works/UE4/fpsProject/Saved/Config/Windows/Scalability.ini]
[2020.12.02-07.33.00:796][  0]LogConfig: Setting CVar [[r.Streaming.MipBias:1]]
[2020.12.02-07.33.00:796][  0]LogConfig: Setting CVar [[r.Streaming.AmortizeCPUToGPUCopy:0]]
[2020.12.02-07.33.00:796][  0]LogConfig: Setting CVar [[r.Streaming.MaxNumTexturesToStreamPerFrame:0]]
[2020.12.02-07.33.00:796][  0]LogConfig: Setting CVar [[r.Streaming.Boost:1]]
[2020.12.02-07.33.00:796][  0]LogConfig: Setting CVar [[r.MaxAnisotropy:2]]
[2020.12.02-07.33.00:796][  0]LogConfig: Setting CVar [[r.VT.MaxAnisotropy:4]]
[2020.12.02-07.33.00:796][  0]LogConfig: Setting CVar [[r.Streaming.LimitPoolSizeToVRAM:1]]
[2020.12.02-07.33.00:796][  0]LogConfig: Setting CVar [[r.Streaming.PoolSize:600]]
[2020.12.02-07.33.00:796][  0]LogConfig: Setting CVar [[r.Streaming.MaxEffectiveScreenSize:0]]
[2020.12.02-07.33.00:796][  0]LogConfig: Applying CVar settings from Section [EffectsQuality@0] File [D:/works/UE4/fpsProject/Saved/Config/Windows/Scalability.ini]
[2020.12.02-07.33.00:796][  0]LogConfig: Setting CVar [[r.TranslucencyLightingVolumeDim:24]]
[2020.12.02-07.33.00:796][  0]LogConfig: Setting CVar [[r.RefractionQuality:0]]
[2020.12.02-07.33.00:797][  0]LogConfig: Setting CVar [[r.SSR.Quality:0]]
[2020.12.02-07.33.00:797][  0]LogConfig: Setting CVar [[r.SSR.HalfResSceneColor:1]]
[2020.12.02-07.33.00:797][  0]LogConfig: Setting CVar [[r.SceneColorFormat:3]]
[2020.12.02-07.33.00:797][  0]LogConfig: Setting CVar [[r.DetailMode:0]]
[2020.12.02-07.33.00:797][  0]LogConfig: Setting CVar [[r.TranslucencyVolumeBlur:0]]
[2020.12.02-07.33.00:797][  0]LogConfig: Setting CVar [[r.MaterialQualityLevel:0 ; Low quality]]
[2020.12.02-07.33.00:797][  0]LogConfig: Setting CVar [[r.SSS.Scale:0]]
[2020.12.02-07.33.00:797][  0]LogConfig: Setting CVar [[r.SSS.SampleSet:0]]
[2020.12.02-07.33.00:797][  0]LogConfig: Setting CVar [[r.SSS.Quality:0]]
[2020.12.02-07.33.00:797][  0]LogConfig: Setting CVar [[r.SSS.HalfRes:1]]
[2020.12.02-07.33.00:797][  0]LogConfig: Setting CVar [[r.SSGI.Quality:0]]
[2020.12.02-07.33.00:797][  0]LogConfig: Setting CVar [[r.EmitterSpawnRateScale:0.125]]
[2020.12.02-07.33.00:797][  0]LogConfig: Setting CVar [[r.ParticleLightQuality:0]]
[2020.12.02-07.33.00:797][  0]LogConfig: Setting CVar [[r.SkyAtmosphere.AerialPerspectiveLUT.FastApplyOnOpaque:1 ; Always have FastSkyLUT 1 in this case to avoid wrong sky]]
[2020.12.02-07.33.00:797][  0]LogConfig: Setting CVar [[r.SkyAtmosphere.AerialPerspectiveLUT.SampleCountPerSlice:1]]
[2020.12.02-07.33.00:797][  0]LogConfig: Setting CVar [[r.SkyAtmosphere.AerialPerspectiveLUT.DepthResolution:8.0]]
[2020.12.02-07.33.00:797][  0]LogConfig: Setting CVar [[r.SkyAtmosphere.FastSkyLUT:1]]
[2020.12.02-07.33.00:797][  0]LogConfig: Setting CVar [[r.SkyAtmosphere.FastSkyLUT.SampleCountMin:2.0]]
[2020.12.02-07.33.00:797][  0]LogConfig: Setting CVar [[r.SkyAtmosphere.FastSkyLUT.SampleCountMax:16.0]]
[2020.12.02-07.33.00:797][  0]LogConfig: Setting CVar [[r.SkyAtmosphere.SampleCountMin:2.0]]
[2020.12.02-07.33.00:797][  0]LogConfig: Setting CVar [[r.SkyAtmosphere.SampleCountMax:16.0]]
[2020.12.02-07.33.00:798][  0]LogConfig: Setting CVar [[r.SkyAtmosphere.TransmittanceLUT.UseSmallFormat:1]]
[2020.12.02-07.33.00:798][  0]LogConfig: Setting CVar [[r.SkyAtmosphere.TransmittanceLUT.SampleCount:10.0]]
[2020.12.02-07.33.00:798][  0]LogConfig: Setting CVar [[r.SkyAtmosphere.MultiScatteringLUT.SampleCount:15.0]]
[2020.12.02-07.33.00:798][  0]LogConfig: Applying CVar settings from Section [FoliageQuality@1] File [D:/works/UE4/fpsProject/Saved/Config/Windows/Scalability.ini]
[2020.12.02-07.33.00:798][  0]LogConfig: Setting CVar [[foliage.DensityScale:0.4]]
[2020.12.02-07.33.00:798][  0]LogConfig: Setting CVar [[grass.DensityScale:0.4]]
[2020.12.02-07.33.00:798][  0]LogConfig: Applying CVar settings from Section [ShadingQuality@3] File [D:/works/UE4/fpsProject/Saved/Config/Windows/Scalability.ini]
[2020.12.02-07.33.00:798][  0]LogConfig: Setting CVar [[r.HairStrands.SkyLighting.SampleCount:16]]
[2020.12.02-07.33.00:798][  0]LogConfig: Setting CVar [[r.HairStrands.SkyLighting.JitterIntegration:0]]
[2020.12.02-07.33.00:798][  0]LogConfig: Setting CVar [[r.HairStrands.SkyAO.SampleCount:16]]
[2020.12.02-07.33.00:798][  0]LogConfig: Setting CVar [[r.HairStrands.DeepShadow.SuperSampling:0]]
[2020.12.02-07.33.00:798][  0]LogConfig: Setting CVar [[r.HairStrands.VisibilityPPLL:0]]
[2020.12.02-07.33.00:798][  0]LogConfig: Setting CVar [[r.HairStrands.RasterizationScale:0.5]]
[2020.12.02-07.33.00:798][  0]LogConfig: Setting CVar [[r.HairStrands.VelocityRasterizationScale:1]]
[2020.12.02-07.33.00:798][  0]LogConfig: Applying CVar settings from Section [Startup] File [../../../Engine/Config/ConsoleVariables.ini]
[2020.12.02-07.33.00:799][  0]LogConfig: Setting CVar [[net.UseAdaptiveNetUpdateFrequency:0]]
[2020.12.02-07.33.00:799][  0]LogConfig: Setting CVar [[p.chaos.AllowCreatePhysxBodies:1]]
[2020.12.02-07.33.00:799][  0]LogConfig: Setting CVar [[fx.SkipVectorVMBackendOptimizations:1]]
[2020.12.02-07.33.00:799][  0]LogConfig: Applying CVar settings from Section [ConsoleVariables] File [D:/works/UE4/fpsProject/Saved/Config/Windows/Engine.ini]
[2020.12.02-07.33.00:799][  0]LogInit: Computer: WA-PC
[2020.12.02-07.33.00:799][  0]LogInit: User: wa
[2020.12.02-07.33.00:799][  0]LogInit: CPU Page size=4096, Cores=4
[2020.12.02-07.33.00:799][  0]LogInit: High frequency timer resolution =3.312861 MHz
[2020.12.02-07.33.00:800][  0]LogMemory: Memory total: Physical=16.0GB (16GB approx)
[2020.12.02-07.33.00:800][  0]LogMemory: Platform Memory Stats for Windows
[2020.12.02-07.33.00:800][  0]LogMemory: Process Physical Memory: 114.80 MB used, 114.80 MB peak
[2020.12.02-07.33.00:800][  0]LogMemory: Process Virtual Memory: 100.14 MB used, 100.14 MB peak
[2020.12.02-07.33.00:800][  0]LogMemory: Physical Memory: 6980.05 MB used,  9386.57 MB free, 16366.62 MB total
[2020.12.02-07.33.00:800][  0]LogMemory: Virtual Memory: 1030.04 MB used,  8387578.00 MB free, 8388608.00 MB total
[2020.12.02-07.33.00:830][  0]LogWindows: WindowsPlatformFeatures enabled
[2020.12.02-07.33.00:897][  0]LogInit: Physics initialised using underlying interface: PhysX
[2020.12.02-07.33.00:900][  0]LogInit: Using OS detected language (ja-JP).
[2020.12.02-07.33.00:900][  0]LogInit: Using OS detected locale (ja-JP).
[2020.12.02-07.33.00:905][  0]LogTextLocalizationManager: No specific localization for 'ja-JP' exists, so the 'ja' localization will be used.
[2020.12.02-07.33.01:127][  0]LogWindows: Failed to load 'shcore.dll' (GetLastError=126)
[2020.12.02-07.33.01:127][  0]LogWindows: File 'shcore.dll' does not exist
[2020.12.02-07.33.01:127][  0]LogInit: Setting process to DPI aware
[2020.12.02-07.33.01:143][  0]LogWindowsTextInputMethodSystem: Display: IME system now activated using IMM (Google 日本語入力 IMM32 モジュー).
[2020.12.02-07.33.01:206][  0]LogSlate: New Slate User Created.  User Index 0, Is Virtual User: 0
[2020.12.02-07.33.01:206][  0]LogSlate: Slate User Registered.  User Index 0, Is Virtual User: 0
[2020.12.02-07.33.01:569][  0]LogHMD: Failed to initialize OpenVR with code 110
[2020.12.02-07.33.01:569][  0]LogD3D11RHI: D3D11 min allowed feature level: 11_0
[2020.12.02-07.33.01:569][  0]LogD3D11RHI: D3D11 max allowed feature level: 11_0
[2020.12.02-07.33.01:569][  0]LogD3D11RHI: D3D11 adapters:
[2020.12.02-07.33.01:629][  0]LogD3D11RHI:    0. 'NVIDIA GeForce GTX 550 Ti' (Feature Level 11_0)
[2020.12.02-07.33.01:629][  0]LogD3D11RHI:       959/0/3071 MB DedicatedVideo/DedicatedSystem/SharedSystem, Outputs:2, VendorId:0x10de
[2020.12.02-07.33.01:629][  0]LogD3D11RHI: Chosen D3D11 Adapter: 0
[2020.12.02-07.33.01:641][  0]LogD3D11RHI: Creating new Direct3DDevice
[2020.12.02-07.33.01:641][  0]LogD3D11RHI:     GPU DeviceId: 0x1244 (for the marketing name, search the web for "GPU Device Id")
[2020.12.02-07.33.01:641][  0]LogWindows: EnumDisplayDevices:
[2020.12.02-07.33.01:642][  0]LogWindows:    0. 'NVIDIA GeForce GTX 550 Ti' (P:1 D:1)
[2020.12.02-07.33.01:642][  0]LogWindows:    1. 'NVIDIA GeForce GTX 550 Ti' (P:0 D:1)
[2020.12.02-07.33.01:643][  0]LogWindows:    2. 'RDPDD Chained DD' (P:0 D:0)
[2020.12.02-07.33.01:643][  0]LogWindows:    3. 'RDP Encoder Mirror Driver' (P:0 D:0)
[2020.12.02-07.33.01:643][  0]LogWindows:    4. 'RDP Reflector Display Driver' (P:0 D:0)
[2020.12.02-07.33.01:643][  0]LogWindows: DebugString: GetVideoDriverDetailsInvalid PrimaryIsNotTheChoosenAdapter GetVideoDriverDetailsInvalid PrimaryIsNotTheChoosenAdapter GetVideoDriverDetailsInvalid PrimaryIsNotTheChoosenAdapter FoundDriverCount:2 
[2020.12.02-07.33.01:644][  0]LogD3D11RHI:     Adapter Name: NVIDIA GeForce GTX 550 Ti
[2020.12.02-07.33.01:644][  0]LogD3D11RHI:   Driver Version: 391.35 (internal:23.21.13.9135, unified:391.35)
[2020.12.02-07.33.01:644][  0]LogD3D11RHI:      Driver Date: 3-23-2018
[2020.12.02-07.33.01:644][  0]LogRHI: Texture pool is 671 MB (70% of 959 MB)
[2020.12.02-07.33.01:671][  0]LogD3D11RHI: Display: Timestamp queries are currently disabled on this hardware due to instability. Realtime GPU stats will not be available. You can override this behaviour by setting r.NVIDIATimestampWorkaround to 0
[2020.12.02-07.33.01:671][  0]LogD3D11RHI: RHI does not have support for 64 bit atomics
[2020.12.02-07.33.01:671][  0]LogD3D11RHI: Async texture creation enabled
[2020.12.02-07.33.01:702][  0]LogD3D11RHI: GPU Timing Frequency: 1000.000000 (Debug: 2 2)
[2020.12.02-07.33.02:755][  0]LogTargetPlatformManager: Display: Loaded TargetPlatform 'AllDesktop'
[2020.12.02-07.33.02:803][  0]LogTargetPlatformManager: Display: Loaded TargetPlatform 'Android'
[2020.12.02-07.33.02:803][  0]LogTargetPlatformManager: Display: Loaded TargetPlatform 'Android_ASTC'
[2020.12.02-07.33.02:803][  0]LogTargetPlatformManager: Display: Loaded TargetPlatform 'Android_DXT'
[2020.12.02-07.33.02:803][  0]LogTargetPlatformManager: Display: Loaded TargetPlatform 'Android_ETC2'
[2020.12.02-07.33.02:803][  0]LogTargetPlatformManager: Display: Loaded TargetPlatform 'AndroidClient'
[2020.12.02-07.33.02:803][  0]LogTargetPlatformManager: Display: Loaded TargetPlatform 'Android_ASTCClient'
[2020.12.02-07.33.02:803][  0]LogTargetPlatformManager: Display: Loaded TargetPlatform 'Android_DXTClient'
[2020.12.02-07.33.02:803][  0]LogTargetPlatformManager: Display: Loaded TargetPlatform 'Android_ETC2Client'
[2020.12.02-07.33.02:803][  0]LogTargetPlatformManager: Display: Loaded TargetPlatform 'Android_Multi'
[2020.12.02-07.33.02:803][  0]LogTargetPlatformManager: Display: Loaded TargetPlatform 'Android_MultiClient'
[2020.12.02-07.33.02:854][  0]LogTargetPlatformManager: Display: Loaded TargetPlatform 'IOSClient'
[2020.12.02-07.33.02:854][  0]LogTargetPlatformManager: Display: Loaded TargetPlatform 'IOS'
[2020.12.02-07.33.02:877][  0]LogTargetPlatformManager: Display: Loaded TargetPlatform 'Linux'
[2020.12.02-07.33.02:898][  0]LogTargetPlatformManager: Display: Loaded TargetPlatform 'LinuxNoEditor'
[2020.12.02-07.33.02:919][  0]LogTargetPlatformManager: Display: Loaded TargetPlatform 'LinuxClient'
[2020.12.02-07.33.02:940][  0]LogTargetPlatformManager: Display: Loaded TargetPlatform 'LinuxServer'
[2020.12.02-07.33.02:961][  0]LogTargetPlatformManager: Display: Loaded TargetPlatform 'LinuxAArch64NoEditor'
[2020.12.02-07.33.02:981][  0]LogTargetPlatformManager: Display: Loaded TargetPlatform 'LinuxAArch64Client'
[2020.12.02-07.33.03:001][  0]LogTargetPlatformManager: Display: Loaded TargetPlatform 'LinuxAArch64Server'
[2020.12.02-07.33.03:060][  0]LogTargetPlatformManager: Display: Loaded TargetPlatform 'Lumin'
[2020.12.02-07.33.03:060][  0]LogTargetPlatformManager: Display: Loaded TargetPlatform 'LuminClient'
[2020.12.02-07.33.03:096][  0]LogTargetPlatformManager: Display: Loaded TargetPlatform 'TVOSClient'
[2020.12.02-07.33.03:096][  0]LogTargetPlatformManager: Display: Loaded TargetPlatform 'TVOS'
[2020.12.02-07.33.03:116][  0]LogTargetPlatformManager: Display: Loaded TargetPlatform 'WindowsNoEditor'
[2020.12.02-07.33.03:137][  0]LogTargetPlatformManager: Display: Loaded TargetPlatform 'Windows'
[2020.12.02-07.33.03:160][  0]LogTargetPlatformManager: Display: Loaded TargetPlatform 'WindowsClient'
[2020.12.02-07.33.03:180][  0]LogTargetPlatformManager: Display: Loaded TargetPlatform 'WindowsServer'
[2020.12.02-07.33.03:180][  0]LogTargetPlatformManager: Display: Building Assets For Windows
[2020.12.02-07.33.03:195][  0]LogAudioDebug: Display: Lib vorbis DLL was dynamically loaded.
[2020.12.02-07.33.03:302][  0]LogShaderCompilers: Guid format shader working directory is 5 characters bigger than the processId version (../../../../../../works/UE4/fpsProject/Intermediate/Shaders/WorkingDirectory/2568/).
[2020.12.02-07.33.03:302][  0]LogShaderCompilers: Cleaned the shader compiler working directory 'C:/Users/wa/AppData/Local/Temp/UnrealShaderWorkingDir/A3BF127042C5CBA153500DA05E63F9C8/'.
[2020.12.02-07.33.03:303][  0]LogXGEController: Cleaning working directory: C:/Users/wa/AppData/Local/Temp/UnrealXGEWorkingDir/
[2020.12.02-07.33.03:303][  0]LogXGEController: Cannot use XGE Controller as Incredibuild is not installed on this machine.
[2020.12.02-07.33.03:303][  0]LogShaderCompilers: Cannot use XGE Shader Compiler as Incredibuild is not installed on this machine.
[2020.12.02-07.33.03:303][  0]LogShaderCompilers: Display: Using Local Shader Compiler.
[2020.12.02-07.33.05:260][  0]LogDerivedDataCache: Display: Max Cache Size: 512 MB
[2020.12.02-07.33.05:399][  0]LogDerivedDataCache: Loaded boot cache 0.14s 75MB C:/Users/wa/AppData/Local/UnrealEngine/4.25/DerivedDataCache/Boot.ddc.
[2020.12.02-07.33.05:399][  0]LogDerivedDataCache: Display: Loaded Boot cache: C:/Users/wa/AppData/Local/UnrealEngine/4.25/DerivedDataCache/Boot.ddc
[2020.12.02-07.33.05:399][  0]LogDerivedDataCache: FDerivedDataBackendGraph:  Pak pak cache file ../../../../../../works/UE4/fpsProject/DerivedDataCache/DDC.ddp not found, will not use a pak cache.
[2020.12.02-07.33.05:399][  0]LogDerivedDataCache: Unable to find inner node Pak for hierarchical cache Hierarchy.
[2020.12.02-07.33.05:399][  0]LogDerivedDataCache: FDerivedDataBackendGraph:  CompressedPak pak cache file ../../../../../../works/UE4/fpsProject/DerivedDataCache/Compressed.ddp not found, will not use a pak cache.
[2020.12.02-07.33.05:399][  0]LogDerivedDataCache: Unable to find inner node CompressedPak for hierarchical cache Hierarchy.
[2020.12.02-07.33.05:426][  0]LogDerivedDataCache: Display: Pak cache opened for reading ../../../Engine/DerivedDataCache/Compressed.ddp.
[2020.12.02-07.33.05:426][  0]LogDerivedDataCache: FDerivedDataBackendGraph:  EnterprisePak pak cache file ../../../Enterprise/DerivedDataCache/Compressed.ddp not found, will not use a pak cache.
[2020.12.02-07.33.05:426][  0]LogDerivedDataCache: Unable to find inner node EnterprisePak for hierarchical cache Hierarchy.
[2020.12.02-07.33.05:430][  0]LogDerivedDataCache: Using Local data cache path C:/Users/wa/AppData/Local/UnrealEngine/Common/DerivedDataCache: Writable
[2020.12.02-07.33.05:430][  0]LogDerivedDataCache: Shared data cache path not found in *engine.ini, will not use an Shared cache.
[2020.12.02-07.33.05:430][  0]LogDerivedDataCache: Unable to find inner node Shared for hierarchical cache Hierarchy.
[2020.12.02-07.33.05:575][  0]LogSlate: Using FreeType 2.10.0
[2020.12.02-07.33.05:576][  0]LogSlate: SlateFontServices - WITH_FREETYPE: 1, WITH_HARFBUZZ: 1
[2020.12.02-07.33.05:644][  0]LogAssetRegistry: FAssetRegistry took 0.0054 seconds to start up
[2020.12.02-07.33.06:256][  0]LogInit: Selected Device Profile: [Windows]
[2020.12.02-07.33.06:558][  0]LogMeshReduction: Using QuadricMeshReduction for automatic static mesh reduction
[2020.12.02-07.33.06:558][  0]LogMeshReduction: Using SimplygonMeshReduction for automatic skeletal mesh reduction
[2020.12.02-07.33.06:558][  0]LogMeshReduction: Using ProxyLODMeshReduction for automatic mesh merging
[2020.12.02-07.33.06:558][  0]LogMeshReduction: No distributed automatic mesh merging module available
[2020.12.02-07.33.06:558][  0]LogMeshMerging: No distributed automatic mesh merging module available
[2020.12.02-07.33.06:601][  0]LogNetVersion: firstProject 1.0.0, NetCL: 13144385, EngineNetVer: 14, GameNetVer: 0 (Checksum: 2715882713)
[2020.12.02-07.33.07:843][  0]LogAISub: UAISubsystem::UAISubsystem AISubsystem (0000000049B079C0), frame # 0
[2020.12.02-07.33.07:843][  0]LogAISub: UAISubsystem::UAISubsystem AIPerceptionSystem (0000000049B311C0), frame # 0
[2020.12.02-07.33.07:847][  0]LogAISub: UAISubsystem::UAISubsystem EnvQueryManager (0000000049B2F200), frame # 0
[2020.12.02-07.33.07:930][  0]LogPackageLocalizationCache: Processed 19 localized package path(s) for 1 prioritized culture(s) in 0.070084 seconds
[2020.12.02-07.33.07:940][  0]LogUObjectArray: 15917 objects as part of root set at end of initial load.
[2020.12.02-07.33.07:940][  0]LogUObjectAllocator: 3965568 out of 0 bytes used by permanent object pool.
[2020.12.02-07.33.07:940][  0]LogUObjectArray: CloseDisregardForGC: 0/0 objects in disregard for GC pool
[2020.12.02-07.33.08:628][  0]LogTcpMessaging: Initializing TcpMessaging bridge
[2020.12.02-07.33.08:635][  0]LogUdpMessaging: Initializing bridge on interface 0.0.0.0:0 to multicast group 230.0.0.1:6666.
[2020.12.02-07.33.08:721][  0]LogLinker: Warning:  '/Game/ThirdPersonBP/ThirdPersonOverview' のロードに失敗しました: ファイルが見つかりません
[2020.12.02-07.33.08:721][  0]LogLinker: Warning:  '/Game/ThirdPersonBP/ThirdPersonOverview' のロードに失敗しました: ファイルが見つかりません
[2020.12.02-07.33.08:721][  0]LogUObjectGlobals: Warning: オブジェクト 'Class /Game/ThirdPersonBP/ThirdPersonOverview.ThirdPersonOverview_C' が見つかりませんでした
[2020.12.02-07.33.08:780][  0]SourceControl: ソースコントロールは無効です
[2020.12.02-07.33.08:780][  0]SourceControl: ソースコントロールは無効です
[2020.12.02-07.33.08:789][  0]SourceControl: ソースコントロールは無効です
[2020.12.02-07.33.08:794][  0]SourceControl: ソースコントロールは無効です
[2020.12.02-07.33.08:808][  0]SourceControl: ソースコントロールは無効です
[2020.12.02-07.33.09:267][  0]LogAndroidPermission: UAndroidPermissionCallbackProxy::GetInstance
[2020.12.02-07.33.09:304][  0]LogAudioCaptureCore: Display: No Audio Capture implementations found. Audio input will be silent.
[2020.12.02-07.33.09:305][  0]LogAudioCaptureCore: Display: No Audio Capture implementations found. Audio input will be silent.
[2020.12.02-07.33.09:413][  0]LogOcInput: OculusInput pre-init called
[2020.12.02-07.33.09:432][  0]LogWindows: Failed to load 'OVRPlugin.dll' (GetLastError=126)
[2020.12.02-07.33.09:432][  0]LogWindows: File 'OVRPlugin.dll' does not exist
[2020.12.02-07.33.09:581][  0]LogEngine: Initializing Engine...
[2020.12.02-07.33.09:583][  0]LogHMD: Failed to initialize OpenVR with code 110
[2020.12.02-07.33.09:583][  0]LogMagicLeap: Warning: VR disabled because ZI is not enabled.  To enable, in the editor, Edit -> Project Settings -> Plugins -> Magic Leap Plugin -> Enable Zero Iteration
[2020.12.02-07.33.09:585][  0]LogStats: UGameplayTagsManager::InitializeManager -  0.000 s
[2020.12.02-07.33.09:931][  0]LogInit: Initializing FReadOnlyCVARCache
[2020.12.02-07.33.09:954][  0]LogAIModule: Creating AISystem for world Untitled
[2020.12.02-07.33.09:955][  0]LogAISub: UAISubsystem::UAISubsystem EnvQueryManager (00000000534E9200), frame # 0
[2020.12.02-07.33.09:955][  0]LogAISub: UAISubsystem::UAISubsystem AIPerceptionSystem (00000000534A7B00), frame # 0
[2020.12.02-07.33.09:989][  0]LogAudioMixer: Display: Audio Mixer Platform Settings:
[2020.12.02-07.33.09:989][  0]LogAudioMixer: Display: 	Sample Rate:						  48000
[2020.12.02-07.33.09:989][  0]LogAudioMixer: Display: 	Callback Buffer Frame Size Requested: 1024
[2020.12.02-07.33.09:989][  0]LogAudioMixer: Display: 	Callback Buffer Frame Size To Use:	  1024
[2020.12.02-07.33.09:989][  0]LogAudioMixer: Display: 	Number of buffers to queue:			  2
[2020.12.02-07.33.09:989][  0]LogAudioMixer: Display: 	Max Channels (voices):				  32
[2020.12.02-07.33.09:989][  0]LogAudioMixer: Display: 	Number of Async Source Workers:		  0
[2020.12.02-07.33.09:989][  0]LogAudio: Display: AudioDevice MaxSources: 32
[2020.12.02-07.33.09:989][  0]LogAudio: Display: Using built-in audio occlusion.
[2020.12.02-07.33.09:989][  0]LogAudioMixer: Display: Initializing audio mixer.
[2020.12.02-07.33.10:013][  0]LogAudioMixer: Display: 0: FrontLeft
[2020.12.02-07.33.10:013][  0]LogAudioMixer: Display: 1: FrontRight
[2020.12.02-07.33.10:088][  0]LogAudioMixer: Display: Using Audio Device スピーカー (High Definition Audio デバイス)
[2020.12.02-07.33.10:089][  0]LogAudioMixer: Display: Initializing Sound Submixes...
[2020.12.02-07.33.10:095][  0]LogAudioMixer: Display: Creating Master Submix 'MasterSubmixDefault'
[2020.12.02-07.33.10:095][  0]LogAudioMixer: Display: Creating Master Submix 'MasterReverbSubmixDefault'
[2020.12.02-07.33.10:102][  0]LogAudioMixer: Display: Creating Master Submix 'MasterEQSubmixDefault'
[2020.12.02-07.33.10:103][  0]LogInit: FAudioDevice initialized.
[2020.12.02-07.33.10:104][  0]LogNetVersion: Set ProjectVersion to 1.0.0.0. Version Checksum will be recalculated on next use.
[2020.12.02-07.33.10:300][  0]LogDerivedDataCache: Saved boot cache 0.20s 75MB C:/Users/wa/AppData/Local/UnrealEngine/4.25/DerivedDataCache/Boot.ddc.
[2020.12.02-07.33.10:307][  0]LogInit: Texture streaming: Enabled
[2020.12.02-07.33.10:339][  0]LogEngineSessionManager: EngineSessionManager initialized
[2020.12.02-07.33.10:339][  0]LogEditorSessionSummary: Verbose: Initializing EditorSessionSummaryWriter for editor session tracking
[2020.12.02-07.33.10:357][  0]LogEditorSessionSummary: EditorSessionSummaryWriter initialized
[2020.12.02-07.33.10:433][  0]LogInit: Transaction tracking system initialized
[2020.12.02-07.33.10:472][  0]BlueprintLog: New page: エディタの読み込み
[2020.12.02-07.33.10:598][  0]LocalizationService: ローカライズのサービスが無効になりました
[2020.12.02-07.33.11:407][  0]LogCook: Display: Max memory allowance for cook 16384mb min free memory 0mb
[2020.12.02-07.33.11:408][  0]LogCook: Display: Mobile HDR setting 1
[2020.12.02-07.33.11:671][  0]LogFileCache: Scanning file cache for directory 'D:/works/UE4/fpsProject/Content/' took 0.01s
[2020.12.02-07.33.12:429][  0]SourceControl: ソースコントロールは無効です
[2020.12.02-07.33.12:429][  0]LogUnrealEdMisc: Loading editor; pre map load, took 15.462
[2020.12.02-07.33.12:430][  0]Cmd: MAP LOAD FILE="../../../../../../works/UE4/fpsProject/Content/FirstPersonBP/Maps/FirstPersonExampleMap.umap" TEMPLATE=0 SHOWPROGRESS=1 FEATURELEVEL=3
[2020.12.02-07.33.12:430][  0]LightingResults: New page: ライティングのビルド
[2020.12.02-07.33.12:431][  0]LogWorld: UWorld::CleanupWorld for Untitled, bSessionEnded=true, bCleanupResources=true
[2020.12.02-07.33.12:431][  0]LogSlate: InvalidateAllWidgets triggered.  All widgets were invalidated
[2020.12.02-07.33.12:431][  0]MapCheck: New page: マップをチェック
[2020.12.02-07.33.12:431][  0]LightingResults: New page: <何も選択されていません>
[2020.12.02-07.33.12:446][  0]LogAISub: UAISubsystem::~UAISubsystem EnvQueryManager (00000000534E9200), frame # 0
[2020.12.02-07.33.12:446][  0]LogAISub: UAISubsystem::~UAISubsystem AIPerceptionSystem (00000000534A7B00), frame # 0
[2020.12.02-07.33.12:448][  0]LogUObjectHash: Compacting FUObjectHashTables data took   1.58ms
[2020.12.02-07.33.13:149][  0]LogAIModule: Creating AISystem for world FirstPersonExampleMap
[2020.12.02-07.33.13:149][  0]LogAISub: UAISubsystem::UAISubsystem EnvQueryManager (000000004141BE00), frame # 0
[2020.12.02-07.33.13:149][  0]LogAISub: UAISubsystem::UAISubsystem AIPerceptionSystem (00000000415E1A80), frame # 0
[2020.12.02-07.33.13:168][  0]LogEditorServer: Finished looking for orphan Actors (0.000 secs)
[2020.12.02-07.33.13:194][  0]LogUObjectHash: Compacting FUObjectHashTables data took   2.12ms
[2020.12.02-07.33.13:199][  0]Cmd: MAP CHECKDEP NOCLEARLOG
[2020.12.02-07.33.13:199][  0]MapCheck: マップチェックが完了: 0 エラー、 0 警告、完了に 0.152ミリ秒かかりました。
[2020.12.02-07.33.13:199][  0]LogFileHelpers: Loading map 'FirstPersonExampleMap' took 0.770
[2020.12.02-07.33.13:202][  0]LogUnrealEdMisc: Total Editor Startup Time, took 16.234
[2020.12.02-07.33.13:327][  0]LogSlate: Updating window title bar state: overlay mode, drag disabled, window buttons hidden, title bar hidden
[2020.12.02-07.33.13:341][  0]LogSlate: Updating window title bar state: overlay mode, drag disabled, window buttons hidden, title bar hidden
[2020.12.02-07.33.13:355][  0]LogSlate: Updating window title bar state: overlay mode, drag disabled, window buttons hidden, title bar hidden
[2020.12.02-07.33.13:369][  0]LogSlate: Updating window title bar state: overlay mode, drag disabled, window buttons hidden, title bar hidden
[2020.12.02-07.33.13:381][  0]LogCollectionManager: Loaded 0 collections in 0.002759 seconds
[2020.12.02-07.33.13:410][  0]LogFileCache: Scanning file cache for directory 'D:/works/UE4/fpsProject/Saved/Collections/' took 0.00s
[2020.12.02-07.33.13:410][  0]LogFileCache: Scanning file cache for directory 'D:/works/UE4/fpsProject/Content/Developers/wa/Collections/' took 0.00s
[2020.12.02-07.33.13:410][  0]LogFileCache: Scanning file cache for directory 'D:/works/UE4/fpsProject/Content/Collections/' took 0.00s
[2020.12.02-07.33.13:410][  0]LogContentBrowser: Native class hierarchy populated in 0.0204 seconds. Added 3427 classes and 821 folders.
[2020.12.02-07.33.13:415][  0]LogContentBrowser: Native class hierarchy updated for 'WidgetCarousel' in 0.0004 seconds. Added 0 classes and 0 folders.
[2020.12.02-07.33.13:535][  0]LogContentBrowser: Native class hierarchy updated for 'AddContentDialog' in 0.0005 seconds. Added 0 classes and 0 folders.
[2020.12.02-07.33.13:537][  0]LogContentBrowser: Native class hierarchy updated for 'SceneOutliner' in 0.0004 seconds. Added 2 classes and 0 folders.
[2020.12.02-07.33.13:564][  0]LogSlate: Took 0.000307 seconds to synchronously load lazily loaded font '../../../Engine/Content/Slate/Fonts/Roboto-Regular.ttf' (155K)
[2020.12.02-07.33.13:567][  0]LogSlate: Took 0.000429 seconds to synchronously load lazily loaded font '../../../Engine/Content/Editor/Slate/Fonts/GenEiGothicPro-Regular.otf' (707K)
[2020.12.02-07.33.13:568][  0]LogSlate: Took 0.000428 seconds to synchronously load lazily loaded font '../../../Engine/Content/Editor/Slate/Fonts/GenEiGothicPro-Bold.otf' (698K)
[2020.12.02-07.33.13:569][  0]LogSlate: Took 0.000206 seconds to synchronously load lazily loaded font '../../../Engine/Content/Slate/Fonts/Roboto-Bold.ttf' (160K)
[2020.12.02-07.33.13:576][  0]LogSlate: Took 0.000266 seconds to synchronously load lazily loaded font '../../../Engine/Content/Editor/Slate/Fonts/FontAwesome.ttf' (139K)
[2020.12.02-07.33.13:742][  0]LogRenderer: Reallocating scene render targets to support 1208x648 Format 9 NumSamples 1 (Frame:1).
[2020.12.02-07.33.14:033][  0]LogContentBrowser: Native class hierarchy updated for 'HierarchicalLODOutliner' in 0.0006 seconds. Added 0 classes and 0 folders.
[2020.12.02-07.33.14:033][  0]LogLoad: (Engine Initialization) Total time: 17.07 seconds
[2020.12.02-07.33.14:033][  0]LogLoad: (Engine Initialization) Total Blueprint compile time: 0.00 seconds
[2020.12.02-07.33.14:101][  0]LogContentStreaming: Texture pool size now 600 MB
[2020.12.02-07.33.14:121][  0]LogSlate: Took 0.000318 seconds to synchronously load lazily loaded font '../../../Engine/Content/Slate/Fonts/Roboto-Light.ttf' (167K)
[2020.12.02-07.33.14:160][  1]LogAssetRegistry: Asset discovery search completed in 8.5186 seconds
[2020.12.02-07.33.14:169][  1]LogCollectionManager: Fixed up redirectors for 0 collections in 0.000005 seconds (updated 0 objects)
[2020.12.02-07.34.14:969][855]LogUObjectHash: Compacting FUObjectHashTables data took   1.41ms
[2020.12.02-07.34.15:019][855]LogSlate: Window 'firstProject - Unreal Editor' being destroyed
[2020.12.02-07.34.15:122][856]Cmd: QUIT_EDITOR
[2020.12.02-07.34.15:122][856]LogCore: Engine exit requested (reason: UUnrealEdEngine::CloseEditor())
[2020.12.02-07.34.15:137][856]LogCore: Engine exit requested (reason: EngineExit() was called; note: exit was already requested)
[2020.12.02-07.34.15:184][856]LogExit: Preparing to exit.
[2020.12.02-07.34.15:875][856]LogDemo: Cleaned up 0 splitscreen connections with owner deletion
[2020.12.02-07.34.15:882][856]LogWorld: UWorld::CleanupWorld for None, bSessionEnded=true, bCleanupResources=true
[2020.12.02-07.34.15:882][856]LogExit: Editor shut down
[2020.12.02-07.34.15:883][856]LogExit: Transaction tracking system shut down
[2020.12.02-07.34.16:083][856]LogAISub: UAISubsystem::~UAISubsystem AISubsystem (0000000049B079C0), frame # 1856
[2020.12.02-07.34.16:083][856]LogAISub: UAISubsystem::~UAISubsystem AIPerceptionSystem (0000000049B311C0), frame # 1856
[2020.12.02-07.34.16:083][856]LogAISub: UAISubsystem::~UAISubsystem EnvQueryManager (0000000049B2F200), frame # 1856
[2020.12.02-07.34.16:087][856]LogAISub: UAISubsystem::~UAISubsystem EnvQueryManager (000000004141BE00), frame # 1856
[2020.12.02-07.34.16:087][856]LogAISub: UAISubsystem::~UAISubsystem AIPerceptionSystem (00000000415E1A80), frame # 1856
[2020.12.02-07.34.16:125][856]LogExit: Object subsystem successfully closed.
[2020.12.02-07.34.16:156][856]LogShaderCompilers: Display: Shaders left to compile 0
[2020.12.02-07.34.16:179][856]LogModuleManager: Shutting down and abandoning module HierarchicalLODOutliner (790)
[2020.12.02-07.34.16:179][856]LogModuleManager: Shutting down and abandoning module SceneOutliner (788)
[2020.12.02-07.34.16:179][856]LogModuleManager: Shutting down and abandoning module AddContentDialog (786)
[2020.12.02-07.34.16:179][856]LogModuleManager: Shutting down and abandoning module WidgetCarousel (785)
[2020.12.02-07.34.16:179][856]LogModuleManager: Shutting down and abandoning module EditorWidgets (782)
[2020.12.02-07.34.16:179][856]LogModuleManager: Shutting down and abandoning module CollectionManager (780)
[2020.12.02-07.34.16:180][856]LogModuleManager: Shutting down and abandoning module StatsViewer (778)
[2020.12.02-07.34.16:180][856]LogModuleManager: Shutting down and abandoning module VirtualTexturingEditor (776)
[2020.12.02-07.34.16:180][856]LogModuleManager: Shutting down and abandoning module FoliageEdit (774)
[2020.12.02-07.34.16:180][856]LogModuleManager: Shutting down and abandoning module LandscapeEditor (772)
[2020.12.02-07.34.16:180][856]LogModuleManager: Shutting down and abandoning module MeshPaintMode (770)
[2020.12.02-07.34.16:180][856]LogModuleManager: Shutting down and abandoning module SceneDepthPickerMode (768)
[2020.12.02-07.34.16:180][856]LogModuleManager: Shutting down and abandoning module ActorPickerMode (766)
[2020.12.02-07.34.16:180][856]LogModuleManager: Shutting down and abandoning module PIEPreviewDeviceProfileSelector (764)
[2020.12.02-07.34.16:180][856]LogModuleManager: Shutting down and abandoning module SequenceRecorderSections (762)
[2020.12.02-07.34.16:180][856]LogModuleManager: Shutting down and abandoning module AutomationWorker (760)
[2020.12.02-07.34.16:180][856]LogModuleManager: Shutting down and abandoning module SteamVREditor (758)
[2020.12.02-07.34.16:180][856]LogModuleManager: Shutting down and abandoning module OculusMR (756)
[2020.12.02-07.34.16:180][856]LogModuleManager: Shutting down and abandoning module GooglePADEditor (754)
[2020.12.02-07.34.16:180][856]LogModuleManager: Shutting down and abandoning module AudioCaptureEditor (752)
[2020.12.02-07.34.16:180][856]LogModuleManager: Shutting down and abandoning module TemplateSequenceEditor (750)
[2020.12.02-07.34.16:181][856]LogModuleManager: Shutting down and abandoning module MatineeToLevelSequence (748)
[2020.12.02-07.34.16:181][856]LogModuleManager: Shutting down and abandoning module LevelSequenceEditor (746)
[2020.12.02-07.34.16:181][856]LogModuleManager: Shutting down and abandoning module ActorSequenceEditor (744)
[2020.12.02-07.34.16:181][856]LogModuleManager: Shutting down and abandoning module WmfMediaFactory (742)
[2020.12.02-07.34.16:181][856]LogModuleManager: Shutting down and abandoning module WmfMediaEditor (740)
[2020.12.02-07.34.16:181][856]LogModuleManager: Shutting down and abandoning module WebMMediaFactory (738)
[2020.12.02-07.34.16:181][856]LogModuleManager: Shutting down and abandoning module WebMMediaEditor (736)
[2020.12.02-07.34.16:181][856]LogModuleManager: Shutting down and abandoning module WebMMedia (734)
[2020.12.02-07.34.16:181][856]LogModuleManager: Shutting down and abandoning module MediaPlayerEditor (732)
[2020.12.02-07.34.16:181][856]LogModuleManager: Shutting down and abandoning module MediaCompositingEditor (730)
[2020.12.02-07.34.16:181][856]LogModuleManager: Shutting down and abandoning module SequenceRecorder (729)
[2020.12.02-07.34.16:181][856]LogModuleManager: Shutting down and abandoning module OpenExrWrapper (726)
[2020.12.02-07.34.16:181][856]LogModuleManager: Shutting down and abandoning module ImgMediaFactory (724)
[2020.12.02-07.34.16:181][856]LogModuleManager: Shutting down and abandoning module ImgMediaEditor (722)
[2020.12.02-07.34.16:181][856]LogModuleManager: Shutting down and abandoning module AvfMediaFactory (720)
[2020.12.02-07.34.16:181][856]LogModuleManager: Shutting down and abandoning module AvfMediaEditor (718)
[2020.12.02-07.34.16:181][856]LogModuleManager: Shutting down and abandoning module AndroidMediaFactory (716)
[2020.12.02-07.34.16:181][856]LogModuleManager: Shutting down and abandoning module AndroidMediaEditor (714)
[2020.12.02-07.34.16:181][856]LogModuleManager: Shutting down and abandoning module MagicLeapMediaCodecFactory (712)
[2020.12.02-07.34.16:181][856]LogModuleManager: Shutting down and abandoning module MagicLeapMediaFactory (710)
[2020.12.02-07.34.16:181][856]LogModuleManager: Shutting down and abandoning module MagicLeapMediaEditor (708)
[2020.12.02-07.34.16:181][856]LogModuleManager: Shutting down and abandoning module PlanarCut (706)
[2020.12.02-07.34.16:181][856]LogModuleManager: Shutting down and abandoning module CharacterAI (704)
[2020.12.02-07.34.16:181][856]LogModuleManager: Shutting down and abandoning module TextureAlignMode (702)
[2020.12.02-07.34.16:181][856]LogModuleManager: Shutting down and abandoning module BspMode (700)
[2020.12.02-07.34.16:181][856]LogModuleManager: Shutting down and abandoning module PlacementMode (699)
[2020.12.02-07.34.16:182][856]LogModuleManager: Shutting down and abandoning module GeometryMode (696)
[2020.12.02-07.34.16:182][856]LogModuleManager: Shutting down and abandoning module CameraShakePreviewer (694)
[2020.12.02-07.34.16:182][856]LogModuleManager: Shutting down and abandoning module SmartSnapping (692)
[2020.12.02-07.34.16:182][856]LogModuleManager: Shutting down and abandoning module SessionServices (690)
[2020.12.02-07.34.16:182][856]LogModuleManager: Shutting down and abandoning module MeshPaint (688)
[2020.12.02-07.34.16:182][856]LogModuleManager: Shutting down and abandoning module ViewportSnapping (686)
[2020.12.02-07.34.16:182][856]LogModuleManager: Shutting down and abandoning module ViewportInteraction (684)
[2020.12.02-07.34.16:182][856]LogModuleManager: Shutting down and abandoning module ClothPainter (682)
[2020.12.02-07.34.16:182][856]LogModuleManager: Shutting down and abandoning module SkeletalMeshEditor (681)
[2020.12.02-07.34.16:182][856]LogModuleManager: Shutting down and abandoning module LogVisualizer (678)
[2020.12.02-07.34.16:182][856]LogModuleManager: Shutting down and abandoning module IntroTutorials (676)
[2020.12.02-07.34.16:182][856]LogModuleManager: Shutting down and abandoning module GameProjectGeneration (675)
[2020.12.02-07.34.16:182][856]LogModuleManager: Shutting down and abandoning module LuminPlatformEditor (672)
[2020.12.02-07.34.16:182][856]LogModuleManager: Shutting down and abandoning module IOSPlatformEditor (670)
[2020.12.02-07.34.16:182][856]LogModuleManager: Shutting down and abandoning module AndroidPlatformEditor (668)
[2020.12.02-07.34.16:182][856]LogModuleManager: Shutting down and abandoning module AndroidDeviceDetection (667)
